2013-07-09 05:33:11 PM	This log contains information about the import schema operation into project 'Meerkat' on computer 'MEERKAT01' by user 'athornton-smith'.
2013-07-09 05:33:11 PM	Import of database schema has started.
2013-07-09 05:33:12 PM	Gathering database options
2013-07-09 05:33:12 PM	Gathering users
2013-07-09 05:33:12 PM	Gathering roles
2013-07-09 05:33:12 PM	Gathering application roles
2013-07-09 05:33:12 PM	Gathering role memberships
2013-07-09 05:33:12 PM	Gathering filegroups
2013-07-09 05:33:12 PM	Gathering full-text catalogs
2013-07-09 05:33:12 PM	Gathering assemblies
2013-07-09 05:33:12 PM	Gathering certificates
2013-07-09 05:33:12 PM	Gathering asymmetric keys
2013-07-09 05:33:12 PM	Gathering symmetric keys
2013-07-09 05:33:12 PM	Gathering encrypted symmetric keys
2013-07-09 05:33:13 PM	Gathering schemas
2013-07-09 05:33:13 PM	Gathering XML schema collections
2013-07-09 05:33:13 PM	Gathering user-defined data types
2013-07-09 05:33:13 PM	Gathering user-defined types
2013-07-09 05:33:13 PM	Gathering table types
2013-07-09 05:33:13 PM	Gathering unique keys for table types
2013-07-09 05:33:13 PM	Gathering primary keys for table types
2013-07-09 05:33:13 PM	Gathering check constraints for table types
2013-07-09 05:33:13 PM	Gathering default constraints for table types
2013-07-09 05:33:13 PM	Gathering partition functions
2013-07-09 05:33:13 PM	Gathering partition schemes
2013-07-09 05:33:13 PM	Gathering functions
2013-07-09 05:33:13 PM	Gathering encrypted functions
2013-07-09 05:33:13 PM	Gathering aggregates
2013-07-09 05:33:13 PM	Gathering procedures
2013-07-09 05:33:13 PM	Gathering encrypted procedures
2013-07-09 05:33:13 PM	Gathering tables
2013-07-09 05:33:13 PM	Gathering primary keys
2013-07-09 05:33:13 PM	Gathering unique constraints
2013-07-09 05:33:13 PM	Gathering foreign keys
2013-07-09 05:33:13 PM	Gathering default constraints
2013-07-09 05:33:13 PM	Gathering check constraints
2013-07-09 05:33:13 PM	Gathering views
2013-07-09 05:33:13 PM	Gathering encrypted views
2013-07-09 05:33:13 PM	Gathering indexes
2013-07-09 05:33:13 PM	Gathering statistics
2013-07-09 05:33:13 PM	Gathering full-text index stoplists
2013-07-09 05:33:13 PM	Gathering search property lists
2013-07-09 05:33:13 PM	Gathering search properties
2013-07-09 05:33:13 PM	Gathering full-text indexes
2013-07-09 05:33:13 PM	Gathering column store indexes
2013-07-09 05:33:13 PM	Gathering spatial indexes
2013-07-09 05:33:13 PM	Gathering XML indexes
2013-07-09 05:33:13 PM	Gathering Selective XML indexes
2013-07-09 05:33:13 PM	Gathering encrypted triggers
2013-07-09 05:33:13 PM	Gathering triggers
2013-07-09 05:33:13 PM	Gathering encrypted and clr ddl triggers
2013-07-09 05:33:13 PM	Gathering ddl triggers
2013-07-09 05:33:13 PM	Gathering synonyms
2013-07-09 05:33:13 PM	Gathering defaults
2013-07-09 05:33:13 PM	Gathering data constraint uddt bindings
2013-07-09 05:33:13 PM	Gathering rules
2013-07-09 05:33:13 PM	Gathering data constraint uddt bindings
2013-07-09 05:33:13 PM	Gathering message types
2013-07-09 05:33:13 PM	Gathering queues
2013-07-09 05:33:13 PM	Gathering contracts
2013-07-09 05:33:13 PM	Gathering services
2013-07-09 05:33:13 PM	Gathering event notifications
2013-07-09 05:33:13 PM	Gathering remote service bindings
2013-07-09 05:33:13 PM	Gathering broker priorities
2013-07-09 05:33:13 PM	Gathering signatures
2013-07-09 05:33:13 PM	Gathering data compression options
2013-07-09 05:33:13 PM	Gathering sequence types
2013-07-09 05:33:13 PM	Gathering extended properties
2013-07-09 05:33:14 PM	Gathering credentials
2013-07-09 05:33:14 PM	Gathering logins
2013-07-09 05:33:14 PM	Gathering server audits
2013-07-09 05:33:14 PM	Scanning project for duplicate elements
2013-07-09 05:33:14 PM	Finished duplicate element processing
2013-07-09 05:33:14 PM	Finished importing database.
2013-07-09 05:33:14 PM	A summary of the import was saved to the following location: C:\Users\athornton-smith\Documents\GitHub\Meerkat\Development\SQL Solution\Meerkat\Meerkat\Import Schema Logs\Meerkat_20130709033311.log
2013-07-09 05:33:14 PM	Click Finish to continue...
